Determining if the pthread_create exist failed with the following output:
Change Dir: /home/akshat/Anveshak/sim/autonav_sim/catkin_ws/build/CMakeFiles/CMakeTmp

Run Build Command:"/usr/bin/make" "cmTC_9ee79/fast"
/usr/bin/make -f CMakeFiles/cmTC_9ee79.dir/build.make CMakeFiles/cmTC_9ee79.dir/build
make[1]: Entering directory '/home/akshat/Anveshak/sim/autonav_sim/catkin_ws/build/CMakeFiles/CMakeTmp'
Building C object CMakeFiles/cmTC_9ee79.dir/CheckSymbolExists.c.o
/usr/bin/cc    -o CMakeFiles/cmTC_9ee79.dir/CheckSymbolExists.c.o   -c /home/akshat/Anveshak/sim/autonav_sim/catkin_ws/build/CMakeFiles/CMakeTmp/CheckSymbolExists.c
Linking C executable cmTC_9ee79
/usr/bin/cmake -E cmake_link_script CMakeFiles/cmTC_9ee79.dir/link.txt --verbose=1
/usr/bin/cc      -rdynamic CMakeFiles/cmTC_9ee79.dir/CheckSymbolExists.c.o  -o cmTC_9ee79 
CMakeFiles/cmTC_9ee79.dir/CheckSymbolExists.c.o: In function `main':
CheckSymbolExists.c:(.text+0x1b): undefined reference to `pthread_create'
collect2: error: ld returned 1 exit status
CMakeFiles/cmTC_9ee79.dir/build.make:97: recipe for target 'cmTC_9ee79' failed
make[1]: *** [cmTC_9ee79] Error 1
make[1]: Leaving directory '/home/akshat/Anveshak/sim/autonav_sim/catkin_ws/build/CMakeFiles/CMakeTmp'
Makefile:126: recipe for target 'cmTC_9ee79/fast' failed
make: *** [cmTC_9ee79/fast] Error 2

File /home/akshat/Anveshak/sim/autonav_sim/catkin_ws/build/CMakeFiles/CMakeTmp/CheckSymbolExists.c:
/* */
#include <pthread.h>

int main(int argc, char** argv)
{
  (void)argv;
#ifndef pthread_create
  return ((int*)(&pthread_create))[argc];
#else
  (void)argc;
  return 0;
#endif
}

Determining if the function pthread_create exists in the pthreads failed with the following output:
Change Dir: /home/akshat/Anveshak/sim/autonav_sim/catkin_ws/build/CMakeFiles/CMakeTmp

Run Build Command:"/usr/bin/make" "cmTC_3a230/fast"
/usr/bin/make -f CMakeFiles/cmTC_3a230.dir/build.make CMakeFiles/cmTC_3a230.dir/build
make[1]: Entering directory '/home/akshat/Anveshak/sim/autonav_sim/catkin_ws/build/CMakeFiles/CMakeTmp'
Building C object CMakeFiles/cmTC_3a230.dir/CheckFunctionExists.c.o
/usr/bin/cc   -DCHECK_FUNCTION_EXISTS=pthread_create   -o CMakeFiles/cmTC_3a230.dir/CheckFunctionExists.c.o   -c /usr/share/cmake-3.10/Modules/CheckFunctionExists.c
Linking C executable cmTC_3a230
/usr/bin/cmake -E cmake_link_script CMakeFiles/cmTC_3a230.dir/link.txt --verbose=1
/usr/bin/cc  -DCHECK_FUNCTION_EXISTS=pthread_create    -rdynamic CMakeFiles/cmTC_3a230.dir/CheckFunctionExists.c.o  -o cmTC_3a230 -lpthreads 
/usr/bin/ld: cannot find -lpthreads
collect2: error: ld returned 1 exit status
CMakeFiles/cmTC_3a230.dir/build.make:97: recipe for target 'cmTC_3a230' failed
make[1]: *** [cmTC_3a230] Error 1
make[1]: Leaving directory '/home/akshat/Anveshak/sim/autonav_sim/catkin_ws/build/CMakeFiles/CMakeTmp'
Makefile:126: recipe for target 'cmTC_3a230/fast' failed
make: *** [cmTC_3a230/fast] Error 2


